<?xml version="1.0" encoding="UTF-8"?>
<!-- Generated by org.testng.reporters.JUnitXMLReporter -->
<testsuite ignored="0" hostname="nagarwal" failures="0" tests="5" name="SingleTest" time="62.363" errors="0" timestamp="2023-12-03T12:33:58 IST">
  <testcase classname="testcases.BaseTest" name="verifyIfTheApplicationLaunchSuccessfully" time="0.037"/>
  <testcase classname="testcases.BaseTest" name="verifyIfTheProductDisplayOnHomePage" time="0.028"/>
  <testcase classname="testcases.BaseTest" name="verifyClickingOnProductRedirectsOnDetailPage" time="11.835"/>
  <testcase classname="testcases.BaseTest" name="DemoTest" time="0.001"/>
  <testcase classname="testcases.BaseTest" name="DemoTest1" time="0.0"/>
</testsuite> <!-- SingleTest -->
