<?xml version="1.0" encoding="UTF-8"?>
<!-- Generated by org.testng.reporters.JUnitXMLReporter -->
<testsuite ignored="0" hostname="nagarwal" failures="0" tests="6" name="SingleTest" time="11.483" errors="0" timestamp="2023-12-02T23:20:01 IST">
  <testcase classname="testcases.BaseTest" name="verifyIfTheApplicationLaunchSuccessfully" time="0.046"/>
  <testcase classname="testcases.BaseTest" name="verifyIfTheProductDisplayOnHomePage" time="0.029"/>
  <testcase classname="testcases.BaseTest" name="verifyIfAddCartButtonIsAvailableOnProduct" time="1.197"/>
  <testcase classname="testcases.BaseTest" name="verifyClickingOnProductRedirectsOnDetailPage" time="1.931"/>
  <testcase classname="testcases.BaseTest" name="DemoTest" time="0.002"/>
  <testcase classname="testcases.BaseTest" name="DemoTest1" time="0.0"/>
</testsuite> <!-- SingleTest -->
