<?xml version="1.0" encoding="UTF-8"?>
<testng-results ignored="0" total="6" passed="6" failed="0" skipped="0">
  <reporter-output>
  </reporter-output>
  <suite started-at="2023-12-02T23:19:50 IST" name="Single" finished-at="2023-12-02T23:20:01 IST" duration-ms="11483">
    <groups>
    </groups>
    <test started-at="2023-12-02T23:19:50 IST" name="SingleTest" finished-at="2023-12-02T23:20:01 IST" duration-ms="11483">
      <class name="testcases.BaseTest">
        <test-method is-config="true" signature="setUp()[pri:0, instance:testcases.BaseTest@1cf6d1be]" started-at="2023-12-02T23:19:50 IST" name="setUp" finished-at="2023-12-02T23:19:58 IST" duration-ms="7869" status="PASS">
          <reporter-output>
          </reporter-output>
        </test-method> <!-- setUp -->
        <test-method signature="verifyIfTheApplicationLaunchSuccessfully()[pri:1, instance:testcases.BaseTest@1cf6d1be]" started-at="2023-12-02T23:19:58 IST" name="verifyIfTheApplicationLaunchSuccessfully" finished-at="2023-12-02T23:19:58 IST" duration-ms="46" status="PASS">
          <reporter-output>
          </reporter-output>
        </test-method> <!-- verifyIfTheApplicationLaunchSuccessfully -->
        <test-method signature="verifyIfTheProductDisplayOnHomePage()[pri:2, instance:testcases.BaseTest@1cf6d1be]" started-at="2023-12-02T23:19:58 IST" name="verifyIfTheProductDisplayOnHomePage" finished-at="2023-12-02T23:19:58 IST" duration-ms="29" status="PASS">
          <reporter-output>
          </reporter-output>
        </test-method> <!-- verifyIfTheProductDisplayOnHomePage -->
        <test-method signature="verifyIfAddCartButtonIsAvailableOnProduct()[pri:3, instance:testcases.BaseTest@1cf6d1be]" started-at="2023-12-02T23:19:58 IST" name="verifyIfAddCartButtonIsAvailableOnProduct" finished-at="2023-12-02T23:19:59 IST" duration-ms="1197" status="PASS">
          <reporter-output>
          </reporter-output>
        </test-method> <!-- verifyIfAddCartButtonIsAvailableOnProduct -->
        <test-method signature="verifyClickingOnProductRedirectsOnDetailPage()[pri:4, instance:testcases.BaseTest@1cf6d1be]" started-at="2023-12-02T23:19:59 IST" name="verifyClickingOnProductRedirectsOnDetailPage" finished-at="2023-12-02T23:20:01 IST" duration-ms="1931" status="PASS">
          <reporter-output>
          </reporter-output>
        </test-method> <!-- verifyClickingOnProductRedirectsOnDetailPage -->
        <test-method signature="DemoTest()[pri:5, instance:testcases.BaseTest@1cf6d1be]" started-at="2023-12-02T23:20:01 IST" name="DemoTest" finished-at="2023-12-02T23:20:01 IST" duration-ms="2" status="PASS">
          <reporter-output>
          </reporter-output>
        </test-method> <!-- DemoTest -->
        <test-method signature="DemoTest1()[pri:6, instance:testcases.BaseTest@1cf6d1be]" started-at="2023-12-02T23:20:01 IST" name="DemoTest1" finished-at="2023-12-02T23:20:01 IST" duration-ms="0" status="PASS">
          <reporter-output>
          </reporter-output>
        </test-method> <!-- DemoTest1 -->
        <test-method is-config="true" signature="tearDown()[pri:0, instance:testcases.BaseTest@1cf6d1be]" started-at="2023-12-02T23:20:01 IST" name="tearDown" finished-at="2023-12-02T23:20:01 IST" duration-ms="347" status="PASS">
          <reporter-output>
          </reporter-output>
        </test-method> <!-- tearDown -->
      </class> <!-- testcases.BaseTest -->
    </test> <!-- SingleTest -->
  </suite> <!-- Single -->
</testng-results>
